{"contracts/Store.sol":{"l":{"16":29,"17":27,"21":57,"60":30,"61":1,"63":29,"67":24,"68":3,"70":21,"77":23,"78":1,"81":22,"82":1,"85":21,"86":21,"87":21,"88":21,"90":21,"95":2,"96":0,"99":2,"100":2,"103":2,"105":2,"113":19,"114":0,"117":19,"118":19,"119":1,"122":18,"123":18,"124":0,"127":18,"129":18,"130":16,"131":16,"133":2,"136":18,"138":18,"139":11,"142":18,"144":18,"145":18,"146":2,"149":18,"155":7,"156":7,"157":1,"160":6,"161":6,"162":1,"165":5,"167":5,"168":4,"171":5,"173":5,"174":5,"176":5,"177":5,"179":5,"184":1,"189":1,"193":1,"197":25,"198":25,"199":25,"203":13,"204":13,"205":13,"206":13,"207":13,"208":13,"212":23},"path":"/Users/radosvetm/Dev/limestore/contracts/Store.sol","s":{"1":29,"2":57,"3":30,"4":24,"5":23,"6":22,"7":21,"8":21,"9":21,"10":21,"11":21,"12":2,"13":0,"14":2,"15":2,"16":2,"17":2,"18":19,"19":19,"20":19,"21":18,"22":18,"23":18,"24":18,"25":16,"26":16,"27":2,"28":18,"29":18,"30":11,"31":18,"32":18,"33":18,"34":2,"35":18,"36":7,"37":7,"38":6,"39":6,"40":5,"41":5,"42":4,"43":5,"44":5,"45":5,"46":5,"47":5,"48":5,"49":1,"50":1,"51":1,"52":25,"53":25,"54":25,"55":13,"56":13,"57":13,"58":13,"59":13,"60":13,"61":23},"b":{"1":[27,2],"2":[1,29],"3":[3,21],"4":[1,22],"5":[1,21],"6":[0,2],"7":[2,0],"8":[0,19],"9":[1,18],"10":[0,18],"11":[16,2],"12":[11,7],"13":[2,16],"14":[1,6],"15":[1,5],"16":[4,1]},"f":{"1":29,"2":57,"3":30,"4":24,"5":23,"6":2,"7":19,"8":7,"9":1,"10":1,"11":1,"12":25,"13":13,"14":23},"fnMap":{"1":{"name":"onlyOwner","line":15,"loc":{"start":{"line":15,"column":4},"end":{"line":18,"column":4}}},"2":{"name":"constructor","line":20,"loc":{"start":{"line":20,"column":4},"end":{"line":22,"column":4}}},"3":{"name":"onlyCustomer","line":59,"loc":{"start":{"line":59,"column":4},"end":{"line":64,"column":4}}},"4":{"name":"ifProductExists","line":66,"loc":{"start":{"line":66,"column":4},"end":{"line":71,"column":4}}},"5":{"name":"addProduct","line":76,"loc":{"start":{"line":76,"column":4},"end":{"line":91,"column":4}}},"6":{"name":"updateQuantity","line":94,"loc":{"start":{"line":94,"column":4},"end":{"line":106,"column":4}}},"7":{"name":"buyProduct","line":112,"loc":{"start":{"line":112,"column":4},"end":{"line":150,"column":4}}},"8":{"name":"returnProduct","line":154,"loc":{"start":{"line":154,"column":4},"end":{"line":180,"column":4}}},"9":{"name":"getAvailableProducts","line":183,"loc":{"start":{"line":183,"column":4},"end":{"line":185,"column":4}}},"10":{"name":"getCustomersByProduct","line":188,"loc":{"start":{"line":188,"column":4},"end":{"line":190,"column":4}}},"11":{"name":"getTotalBallance","line":192,"loc":{"start":{"line":192,"column":4},"end":{"line":194,"column":4}}},"12":{"name":"_makeAvailable","line":196,"loc":{"start":{"line":196,"column":4},"end":{"line":200,"column":4}}},"13":{"name":"_makeUnavailable","line":202,"loc":{"start":{"line":202,"column":4},"end":{"line":209,"column":4}}},"14":{"name":"_toWei","line":211,"loc":{"start":{"line":211,"column":4},"end":{"line":213,"column":4}}}},"statementMap":{"1":{"start":{"line":16,"column":8},"end":{"line":16,"column":65}},"2":{"start":{"line":21,"column":8},"end":{"line":21,"column":25}},"3":{"start":{"line":60,"column":8},"end":{"line":60,"column":2125}},"4":{"start":{"line":67,"column":8},"end":{"line":67,"column":2305}},"5":{"start":{"line":77,"column":8},"end":{"line":77,"column":2854}},"6":{"start":{"line":81,"column":8},"end":{"line":81,"column":2982}},"7":{"start":{"line":85,"column":8},"end":{"line":85,"column":41}},"8":{"start":{"line":86,"column":8},"end":{"line":86,"column":33}},"9":{"start":{"line":87,"column":8},"end":{"line":87,"column":49}},"10":{"start":{"line":88,"column":8},"end":{"line":88,"column":42}},"11":{"start":{"line":90,"column":8},"end":{"line":90,"column":56}},"12":{"start":{"line":95,"column":8},"end":{"line":95,"column":3515}},"13":{"start":{"line":96,"column":12},"end":{"line":96,"column":37}},"14":{"start":{"line":99,"column":8},"end":{"line":99,"column":3634}},"15":{"start":{"line":100,"column":12},"end":{"line":100,"column":39}},"16":{"start":{"line":103,"column":8},"end":{"line":103,"column":49}},"17":{"start":{"line":105,"column":8},"end":{"line":105,"column":51}},"18":{"start":{"line":113,"column":8},"end":{"line":113,"column":4371}},"19":{"start":{"line":117,"column":8},"end":{"line":117,"column":37}},"20":{"start":{"line":118,"column":8},"end":{"line":118,"column":4532}},"21":{"start":{"line":122,"column":8},"end":{"line":122,"column":47}},"22":{"start":{"line":123,"column":8},"end":{"line":123,"column":4737}},"23":{"start":{"line":127,"column":8},"end":{"line":127,"column":51}},"24":{"start":{"line":129,"column":8},"end":{"line":129,"column":4899}},"25":{"start":{"line":130,"column":12},"end":{"line":130,"column":73}},"26":{"start":{"line":131,"column":12},"end":{"line":131,"column":52}},"27":{"start":{"line":133,"column":12},"end":{"line":133,"column":73}},"28":{"start":{"line":136,"column":8},"end":{"line":136,"column":42}},"29":{"start":{"line":138,"column":8},"end":{"line":138,"column":5248}},"30":{"start":{"line":139,"column":13},"end":{"line":139,"column":40}},"31":{"start":{"line":142,"column":8},"end":{"line":142,"column":64}},"32":{"start":{"line":144,"column":8},"end":{"line":144,"column":47}},"33":{"start":{"line":145,"column":8},"end":{"line":145,"column":5478}},"34":{"start":{"line":146,"column":12},"end":{"line":146,"column":47}},"35":{"start":{"line":149,"column":8},"end":{"line":149,"column":36}},"36":{"start":{"line":155,"column":8},"end":{"line":155,"column":37}},"37":{"start":{"line":156,"column":8},"end":{"line":156,"column":5946}},"38":{"start":{"line":160,"column":8},"end":{"line":160,"column":71}},"39":{"start":{"line":161,"column":8},"end":{"line":161,"column":6160}},"40":{"start":{"line":165,"column":8},"end":{"line":165,"column":52}},"41":{"start":{"line":167,"column":8},"end":{"line":167,"column":6340}},"42":{"start":{"line":168,"column":12},"end":{"line":168,"column":37}},"43":{"start":{"line":171,"column":8},"end":{"line":171,"column":42}},"44":{"start":{"line":173,"column":8},"end":{"line":173,"column":47}},"45":{"start":{"line":174,"column":8},"end":{"line":174,"column":64}},"46":{"start":{"line":176,"column":8},"end":{"line":176,"column":35}},"47":{"start":{"line":177,"column":8},"end":{"line":177,"column":43}},"48":{"start":{"line":179,"column":8},"end":{"line":179,"column":40}},"49":{"start":{"line":184,"column":8},"end":{"line":184,"column":32}},"50":{"start":{"line":189,"column":8},"end":{"line":189,"column":41}},"51":{"start":{"line":193,"column":8},"end":{"line":193,"column":36}},"52":{"start":{"line":197,"column":8},"end":{"line":197,"column":41}},"53":{"start":{"line":198,"column":8},"end":{"line":198,"column":62}},"54":{"start":{"line":199,"column":8},"end":{"line":199,"column":51}},"55":{"start":{"line":203,"column":8},"end":{"line":203,"column":63}},"56":{"start":{"line":204,"column":8},"end":{"line":204,"column":76}},"57":{"start":{"line":205,"column":8},"end":{"line":205,"column":64}},"58":{"start":{"line":206,"column":8},"end":{"line":206,"column":56}},"59":{"start":{"line":207,"column":8},"end":{"line":207,"column":39}},"60":{"start":{"line":208,"column":8},"end":{"line":208,"column":30}},"61":{"start":{"line":212,"column":8},"end":{"line":212,"column":33}}},"branchMap":{"1":{"line":16,"type":"if","locations":[{"start":{"line":16,"column":8},"end":{"line":16,"column":8}},{"start":{"line":16,"column":8},"end":{"line":16,"column":8}}]},"2":{"line":60,"type":"if","locations":[{"start":{"line":60,"column":8},"end":{"line":60,"column":8}},{"start":{"line":60,"column":8},"end":{"line":60,"column":8}}]},"3":{"line":67,"type":"if","locations":[{"start":{"line":67,"column":8},"end":{"line":67,"column":8}},{"start":{"line":67,"column":8},"end":{"line":67,"column":8}}]},"4":{"line":77,"type":"if","locations":[{"start":{"line":77,"column":8},"end":{"line":77,"column":8}},{"start":{"line":77,"column":8},"end":{"line":77,"column":8}}]},"5":{"line":81,"type":"if","locations":[{"start":{"line":81,"column":8},"end":{"line":81,"column":8}},{"start":{"line":81,"column":8},"end":{"line":81,"column":8}}]},"6":{"line":95,"type":"if","locations":[{"start":{"line":95,"column":8},"end":{"line":95,"column":8}},{"start":{"line":95,"column":8},"end":{"line":95,"column":8}}]},"7":{"line":99,"type":"if","locations":[{"start":{"line":99,"column":8},"end":{"line":99,"column":8}},{"start":{"line":99,"column":8},"end":{"line":99,"column":8}}]},"8":{"line":113,"type":"if","locations":[{"start":{"line":113,"column":8},"end":{"line":113,"column":8}},{"start":{"line":113,"column":8},"end":{"line":113,"column":8}}]},"9":{"line":118,"type":"if","locations":[{"start":{"line":118,"column":8},"end":{"line":118,"column":8}},{"start":{"line":118,"column":8},"end":{"line":118,"column":8}}]},"10":{"line":123,"type":"if","locations":[{"start":{"line":123,"column":8},"end":{"line":123,"column":8}},{"start":{"line":123,"column":8},"end":{"line":123,"column":8}}]},"11":{"line":129,"type":"if","locations":[{"start":{"line":129,"column":8},"end":{"line":129,"column":8}},{"start":{"line":129,"column":8},"end":{"line":129,"column":8}}]},"12":{"line":138,"type":"if","locations":[{"start":{"line":138,"column":8},"end":{"line":138,"column":8}},{"start":{"line":138,"column":8},"end":{"line":138,"column":8}}]},"13":{"line":145,"type":"if","locations":[{"start":{"line":145,"column":8},"end":{"line":145,"column":8}},{"start":{"line":145,"column":8},"end":{"line":145,"column":8}}]},"14":{"line":156,"type":"if","locations":[{"start":{"line":156,"column":8},"end":{"line":156,"column":8}},{"start":{"line":156,"column":8},"end":{"line":156,"column":8}}]},"15":{"line":161,"type":"if","locations":[{"start":{"line":161,"column":8},"end":{"line":161,"column":8}},{"start":{"line":161,"column":8},"end":{"line":161,"column":8}}]},"16":{"line":167,"type":"if","locations":[{"start":{"line":167,"column":8},"end":{"line":167,"column":8}},{"start":{"line":167,"column":8},"end":{"line":167,"column":8}}]}}}}