{"contracts/Store.sol":{"l":{"49":30,"50":1,"52":29,"56":24,"57":3,"59":21,"66":23,"67":1,"70":22,"71":1,"74":21,"75":21,"76":21,"77":21,"79":21,"84":2,"85":0,"88":2,"89":2,"92":2,"94":2,"102":19,"103":0,"106":19,"107":19,"108":1,"111":18,"112":18,"113":0,"116":18,"118":18,"119":16,"120":16,"122":2,"125":18,"127":18,"128":11,"131":18,"133":18,"134":18,"135":2,"138":18,"144":7,"145":7,"146":1,"149":6,"150":6,"151":1,"154":5,"156":5,"157":4,"160":5,"162":5,"163":5,"165":5,"166":5,"168":5,"173":1,"178":1,"182":1,"186":25,"187":25,"188":25,"192":13,"193":13,"194":13,"195":13,"196":13,"197":13,"201":23},"path":"/Users/radosvetm/Dev/limestore/contracts/Store.sol","s":{"1":30,"2":24,"3":23,"4":22,"5":21,"6":21,"7":21,"8":21,"9":21,"10":2,"11":0,"12":2,"13":2,"14":2,"15":2,"16":19,"17":19,"18":19,"19":18,"20":18,"21":18,"22":18,"23":16,"24":16,"25":2,"26":18,"27":18,"28":11,"29":18,"30":18,"31":18,"32":2,"33":18,"34":7,"35":7,"36":6,"37":6,"38":5,"39":5,"40":4,"41":5,"42":5,"43":5,"44":5,"45":5,"46":5,"47":1,"48":1,"49":1,"50":25,"51":25,"52":25,"53":13,"54":13,"55":13,"56":13,"57":13,"58":13,"59":23},"b":{"1":[1,29],"2":[3,21],"3":[1,22],"4":[1,21],"5":[0,2],"6":[2,0],"7":[0,19],"8":[1,18],"9":[0,18],"10":[16,2],"11":[11,7],"12":[2,16],"13":[1,6],"14":[1,5],"15":[4,1]},"f":{"1":30,"2":24,"3":23,"4":2,"5":19,"6":7,"7":1,"8":1,"9":1,"10":25,"11":13,"12":23},"fnMap":{"1":{"name":"onlyCustomer","line":48,"loc":{"start":{"line":48,"column":4},"end":{"line":53,"column":4}}},"2":{"name":"ifProductExists","line":55,"loc":{"start":{"line":55,"column":4},"end":{"line":60,"column":4}}},"3":{"name":"addProduct","line":65,"loc":{"start":{"line":65,"column":4},"end":{"line":80,"column":4}}},"4":{"name":"updateQuantity","line":83,"loc":{"start":{"line":83,"column":4},"end":{"line":95,"column":4}}},"5":{"name":"buyProduct","line":101,"loc":{"start":{"line":101,"column":4},"end":{"line":139,"column":4}}},"6":{"name":"returnProduct","line":143,"loc":{"start":{"line":143,"column":4},"end":{"line":169,"column":4}}},"7":{"name":"getAvailableProducts","line":172,"loc":{"start":{"line":172,"column":4},"end":{"line":174,"column":4}}},"8":{"name":"getCustomersByProduct","line":177,"loc":{"start":{"line":177,"column":4},"end":{"line":179,"column":4}}},"9":{"name":"getTotalBallance","line":181,"loc":{"start":{"line":181,"column":4},"end":{"line":183,"column":4}}},"10":{"name":"_makeAvailable","line":185,"loc":{"start":{"line":185,"column":4},"end":{"line":189,"column":4}}},"11":{"name":"_makeUnavailable","line":191,"loc":{"start":{"line":191,"column":4},"end":{"line":198,"column":4}}},"12":{"name":"_toWei","line":200,"loc":{"start":{"line":200,"column":4},"end":{"line":202,"column":4}}}},"statementMap":{"1":{"start":{"line":49,"column":8},"end":{"line":49,"column":1955}},"2":{"start":{"line":56,"column":8},"end":{"line":56,"column":2137}},"3":{"start":{"line":66,"column":8},"end":{"line":66,"column":2686}},"4":{"start":{"line":70,"column":8},"end":{"line":70,"column":2814}},"5":{"start":{"line":74,"column":8},"end":{"line":74,"column":41}},"6":{"start":{"line":75,"column":8},"end":{"line":75,"column":33}},"7":{"start":{"line":76,"column":8},"end":{"line":76,"column":49}},"8":{"start":{"line":77,"column":8},"end":{"line":77,"column":42}},"9":{"start":{"line":79,"column":8},"end":{"line":79,"column":56}},"10":{"start":{"line":84,"column":8},"end":{"line":84,"column":3347}},"11":{"start":{"line":85,"column":12},"end":{"line":85,"column":37}},"12":{"start":{"line":88,"column":8},"end":{"line":88,"column":3466}},"13":{"start":{"line":89,"column":12},"end":{"line":89,"column":39}},"14":{"start":{"line":92,"column":8},"end":{"line":92,"column":49}},"15":{"start":{"line":94,"column":8},"end":{"line":94,"column":51}},"16":{"start":{"line":102,"column":8},"end":{"line":102,"column":4203}},"17":{"start":{"line":106,"column":8},"end":{"line":106,"column":37}},"18":{"start":{"line":107,"column":8},"end":{"line":107,"column":4364}},"19":{"start":{"line":111,"column":8},"end":{"line":111,"column":47}},"20":{"start":{"line":112,"column":8},"end":{"line":112,"column":4569}},"21":{"start":{"line":116,"column":8},"end":{"line":116,"column":51}},"22":{"start":{"line":118,"column":8},"end":{"line":118,"column":4731}},"23":{"start":{"line":119,"column":12},"end":{"line":119,"column":73}},"24":{"start":{"line":120,"column":12},"end":{"line":120,"column":52}},"25":{"start":{"line":122,"column":12},"end":{"line":122,"column":73}},"26":{"start":{"line":125,"column":8},"end":{"line":125,"column":42}},"27":{"start":{"line":127,"column":8},"end":{"line":127,"column":5080}},"28":{"start":{"line":128,"column":13},"end":{"line":128,"column":40}},"29":{"start":{"line":131,"column":8},"end":{"line":131,"column":64}},"30":{"start":{"line":133,"column":8},"end":{"line":133,"column":47}},"31":{"start":{"line":134,"column":8},"end":{"line":134,"column":5310}},"32":{"start":{"line":135,"column":12},"end":{"line":135,"column":47}},"33":{"start":{"line":138,"column":8},"end":{"line":138,"column":36}},"34":{"start":{"line":144,"column":8},"end":{"line":144,"column":37}},"35":{"start":{"line":145,"column":8},"end":{"line":145,"column":5778}},"36":{"start":{"line":149,"column":8},"end":{"line":149,"column":71}},"37":{"start":{"line":150,"column":8},"end":{"line":150,"column":5992}},"38":{"start":{"line":154,"column":8},"end":{"line":154,"column":52}},"39":{"start":{"line":156,"column":8},"end":{"line":156,"column":6172}},"40":{"start":{"line":157,"column":12},"end":{"line":157,"column":37}},"41":{"start":{"line":160,"column":8},"end":{"line":160,"column":42}},"42":{"start":{"line":162,"column":8},"end":{"line":162,"column":47}},"43":{"start":{"line":163,"column":8},"end":{"line":163,"column":64}},"44":{"start":{"line":165,"column":8},"end":{"line":165,"column":35}},"45":{"start":{"line":166,"column":8},"end":{"line":166,"column":43}},"46":{"start":{"line":168,"column":8},"end":{"line":168,"column":40}},"47":{"start":{"line":173,"column":8},"end":{"line":173,"column":32}},"48":{"start":{"line":178,"column":8},"end":{"line":178,"column":41}},"49":{"start":{"line":182,"column":8},"end":{"line":182,"column":36}},"50":{"start":{"line":186,"column":8},"end":{"line":186,"column":41}},"51":{"start":{"line":187,"column":8},"end":{"line":187,"column":62}},"52":{"start":{"line":188,"column":8},"end":{"line":188,"column":51}},"53":{"start":{"line":192,"column":8},"end":{"line":192,"column":63}},"54":{"start":{"line":193,"column":8},"end":{"line":193,"column":76}},"55":{"start":{"line":194,"column":8},"end":{"line":194,"column":64}},"56":{"start":{"line":195,"column":8},"end":{"line":195,"column":56}},"57":{"start":{"line":196,"column":8},"end":{"line":196,"column":39}},"58":{"start":{"line":197,"column":8},"end":{"line":197,"column":30}},"59":{"start":{"line":201,"column":8},"end":{"line":201,"column":33}}},"branchMap":{"1":{"line":49,"type":"if","locations":[{"start":{"line":49,"column":8},"end":{"line":49,"column":8}},{"start":{"line":49,"column":8},"end":{"line":49,"column":8}}]},"2":{"line":56,"type":"if","locations":[{"start":{"line":56,"column":8},"end":{"line":56,"column":8}},{"start":{"line":56,"column":8},"end":{"line":56,"column":8}}]},"3":{"line":66,"type":"if","locations":[{"start":{"line":66,"column":8},"end":{"line":66,"column":8}},{"start":{"line":66,"column":8},"end":{"line":66,"column":8}}]},"4":{"line":70,"type":"if","locations":[{"start":{"line":70,"column":8},"end":{"line":70,"column":8}},{"start":{"line":70,"column":8},"end":{"line":70,"column":8}}]},"5":{"line":84,"type":"if","locations":[{"start":{"line":84,"column":8},"end":{"line":84,"column":8}},{"start":{"line":84,"column":8},"end":{"line":84,"column":8}}]},"6":{"line":88,"type":"if","locations":[{"start":{"line":88,"column":8},"end":{"line":88,"column":8}},{"start":{"line":88,"column":8},"end":{"line":88,"column":8}}]},"7":{"line":102,"type":"if","locations":[{"start":{"line":102,"column":8},"end":{"line":102,"column":8}},{"start":{"line":102,"column":8},"end":{"line":102,"column":8}}]},"8":{"line":107,"type":"if","locations":[{"start":{"line":107,"column":8},"end":{"line":107,"column":8}},{"start":{"line":107,"column":8},"end":{"line":107,"column":8}}]},"9":{"line":112,"type":"if","locations":[{"start":{"line":112,"column":8},"end":{"line":112,"column":8}},{"start":{"line":112,"column":8},"end":{"line":112,"column":8}}]},"10":{"line":118,"type":"if","locations":[{"start":{"line":118,"column":8},"end":{"line":118,"column":8}},{"start":{"line":118,"column":8},"end":{"line":118,"column":8}}]},"11":{"line":127,"type":"if","locations":[{"start":{"line":127,"column":8},"end":{"line":127,"column":8}},{"start":{"line":127,"column":8},"end":{"line":127,"column":8}}]},"12":{"line":134,"type":"if","locations":[{"start":{"line":134,"column":8},"end":{"line":134,"column":8}},{"start":{"line":134,"column":8},"end":{"line":134,"column":8}}]},"13":{"line":145,"type":"if","locations":[{"start":{"line":145,"column":8},"end":{"line":145,"column":8}},{"start":{"line":145,"column":8},"end":{"line":145,"column":8}}]},"14":{"line":150,"type":"if","locations":[{"start":{"line":150,"column":8},"end":{"line":150,"column":8}},{"start":{"line":150,"column":8},"end":{"line":150,"column":8}}]},"15":{"line":156,"type":"if","locations":[{"start":{"line":156,"column":8},"end":{"line":156,"column":8}},{"start":{"line":156,"column":8},"end":{"line":156,"column":8}}]}}}}